[0m14:52:53.854787 [debug] [MainThread]: Sending event: {'category': 'dbt', 'action': 'invocation', 'label': 'start', 'context': [<snowplow_tracker.self_describing_json.SelfDescribingJson object at 0x112baf150>, <snowplow_tracker.self_describing_json.SelfDescribingJson object at 0x1125f3810>, <snowplow_tracker.self_describing_json.SelfDescribingJson object at 0x112c02890>]}


============================== 14:52:53.859190 | 7b9d00d1-b0ce-44db-85c2-ea77ef7cd3ae ==============================
[0m14:52:53.859190 [info ] [MainThread]: Running with dbt=1.7.9
[0m14:52:53.859741 [debug] [MainThread]: running dbt with arguments {'printer_width': '80', 'indirect_selection': 'eager', 'write_json': 'True', 'log_cache_events': 'False', 'partial_parse': 'True', 'cache_selected_only': 'False', 'profiles_dir': '/Users/mitaylor/.dbt', 'version_check': 'True', 'debug': 'False', 'log_path': 'logs', 'warn_error': 'None', 'fail_fast': 'False', 'use_colors': 'True', 'use_experimental_parser': 'False', 'no_print': 'None', 'quiet': 'False', 'warn_error_options': 'WarnErrorOptions(include=[], exclude=[])', 'introspect': 'True', 'log_format': 'default', 'static_parser': 'True', 'target_path': 'None', 'invocation_command': 'dbt init', 'send_anonymous_usage_stats': 'True'}
[0m14:53:11.351889 [debug] [MainThread]: Starter project path: /Users/mitaylor/opt/anaconda3/envs/dbt_snowpark/lib/python3.11/site-packages/dbt/include/starter_project
[0m14:53:11.375987 [info ] [MainThread]: 
Your new dbt project "dbt_snowpark_v1" was created!

For more information on how to configure the profiles.yml file,
please consult the dbt documentation here:

  https://docs.getdbt.com/docs/configure-your-profile

One more thing:

Need help? Don't hesitate to reach out to us via GitHub issues or on Slack:

  https://community.getdbt.com/

Happy modeling!

[0m14:53:11.376743 [info ] [MainThread]: Setting up your profile.
[0m14:55:19.390136 [info ] [MainThread]: Profile dbt_snowpark_v1 written to /Users/mitaylor/.dbt/profiles.yml using target's profile_template.yml and your supplied values. Run 'dbt debug' to validate the connection.
[0m14:55:19.675900 [debug] [MainThread]: Resource report: {"command_name": "init", "command_success": true, "command_wall_clock_time": 145.89598, "process_user_time": 1.329185, "process_kernel_time": 0.265022, "process_mem_max_rss": "104308736", "process_in_blocks": "0", "process_out_blocks": "0"}
[0m14:55:19.677325 [debug] [MainThread]: Command `dbt init` succeeded at 14:55:19.676801 after 145.90 seconds
[0m14:55:19.678140 [debug] [MainThread]: Sending event: {'category': 'dbt', 'action': 'invocation', 'label': 'end', 'context': [<snowplow_tracker.self_describing_json.SelfDescribingJson object at 0x112c02390>, <snowplow_tracker.self_describing_json.SelfDescribingJson object at 0x10e1399d0>, <snowplow_tracker.self_describing_json.SelfDescribingJson object at 0x112be39d0>]}
[0m14:55:19.678774 [debug] [MainThread]: Flushing usage events
